2015-06-05 23:12:00,865 - [INFO] - from play in pool-4-thread-4 
Listening for HTTP on /0:0:0:0:0:0:0:0:9000

2015-06-05 23:12:07,789 - [INFO] - from play in play-internal-execution-context-1 
datasource [jdbc:h2:mem:play] bound to JNDI as DefaultDS

2015-06-05 23:12:08,002 - [INFO] - from play in play-internal-execution-context-1 
database [default] connected at jdbc:h2:mem:play

2015-06-05 23:12:09,382 - [INFO] - from play in play-internal-execution-context-1 
Application started (Dev)

2015-06-05 23:12:44,475 - [INFO] - from play in play-internal-execution-context-1 
datasource [jdbc:h2:mem:play] bound to JNDI as DefaultDS

2015-06-05 23:12:44,488 - [INFO] - from play in play-internal-execution-context-1 
database [default] connected at jdbc:h2:mem:play

2015-06-05 23:12:44,616 - [INFO] - from play in play-internal-execution-context-1 
Application started (Dev)

2015-06-05 23:14:41,743 - [INFO] - from play in play-internal-execution-context-1 
datasource [jdbc:h2:mem:play] bound to JNDI as DefaultDS

2015-06-05 23:14:41,746 - [INFO] - from play in play-internal-execution-context-1 
database [default] connected at jdbc:h2:mem:play

2015-06-05 23:14:41,863 - [INFO] - from play in play-internal-execution-context-1 
Application started (Dev)

2015-06-05 23:17:31,476 - [INFO] - from play in play-internal-execution-context-1 
datasource [jdbc:h2:mem:play] bound to JNDI as DefaultDS

2015-06-05 23:17:31,480 - [INFO] - from play in play-internal-execution-context-1 
database [default] connected at jdbc:h2:mem:play

2015-06-05 23:17:31,571 - [INFO] - from play in play-internal-execution-context-1 
Application started (Dev)

2015-06-05 23:18:18,463 - [INFO] - from play in play-internal-execution-context-1 
datasource [jdbc:h2:mem:play] bound to JNDI as DefaultDS

2015-06-05 23:18:18,466 - [INFO] - from play in play-internal-execution-context-1 
database [default] connected at jdbc:h2:mem:play

2015-06-05 23:18:18,561 - [INFO] - from play in play-internal-execution-context-1 
Application started (Dev)

2015-06-05 23:20:24,823 - [INFO] - from play in play-internal-execution-context-1 
datasource [jdbc:h2:mem:play] bound to JNDI as DefaultDS

2015-06-05 23:20:24,829 - [INFO] - from play in play-internal-execution-context-1 
database [default] connected at jdbc:h2:mem:play

2015-06-05 23:20:24,913 - [INFO] - from play in play-internal-execution-context-1 
Application started (Dev)

2015-06-05 23:21:12,276 - [INFO] - from play in play-internal-execution-context-5 
datasource [jdbc:h2:mem:play] bound to JNDI as DefaultDS

2015-06-05 23:21:12,280 - [INFO] - from play in play-internal-execution-context-5 
database [default] connected at jdbc:h2:mem:play

2015-06-05 23:21:12,396 - [INFO] - from play in play-internal-execution-context-5 
Application started (Dev)

2015-06-05 23:21:35,122 - [INFO] - from play in play-internal-execution-context-5 
datasource [jdbc:h2:mem:play] bound to JNDI as DefaultDS

2015-06-05 23:21:35,125 - [INFO] - from play in play-internal-execution-context-5 
database [default] connected at jdbc:h2:mem:play

2015-06-05 23:21:35,210 - [INFO] - from play in play-internal-execution-context-5 
Application started (Dev)

2015-06-05 23:22:34,233 - [INFO] - from play in play-internal-execution-context-5 
datasource [jdbc:h2:mem:play] bound to JNDI as DefaultDS

2015-06-05 23:22:34,236 - [INFO] - from play in play-internal-execution-context-5 
database [default] connected at jdbc:h2:mem:play

2015-06-05 23:22:34,330 - [INFO] - from play in play-internal-execution-context-5 
Application started (Dev)

2015-06-05 23:22:39,358 - [INFO] - from application in play-akka.actor.default-dispatcher-51 
lista criada: 0

2015-06-05 23:23:10,944 - [INFO] - from application in play-akka.actor.default-dispatcher-54 
key: 

2015-06-05 23:23:10,945 - [INFO] - from application in play-akka.actor.default-dispatcher-54 
banda: null

2015-06-05 23:23:10,945 - [INFO] - from application in play-akka.actor.default-dispatcher-54 
ocasional: null

2015-06-05 23:23:10,945 - [INFO] - from application in play-akka.actor.default-dispatcher-54 
lista criada: 0

2015-06-05 23:23:13,252 - [INFO] - from application in play-akka.actor.default-dispatcher-34 
key: 

2015-06-05 23:23:13,253 - [INFO] - from application in play-akka.actor.default-dispatcher-34 
banda: Tocar em banda

2015-06-05 23:23:13,253 - [INFO] - from application in play-akka.actor.default-dispatcher-34 
ocasional: null

2015-06-05 23:23:13,253 - [INFO] - from application in play-akka.actor.default-dispatcher-34 
tipo: Tocar em banda

2015-06-05 23:23:13,253 - [INFO] - from application in play-akka.actor.default-dispatcher-34 
lista criada: 1

2015-06-05 23:23:15,620 - [INFO] - from application in play-akka.actor.default-dispatcher-34 
key: 

2015-06-05 23:23:15,621 - [INFO] - from application in play-akka.actor.default-dispatcher-34 
banda: Tocar em banda

2015-06-05 23:23:15,621 - [INFO] - from application in play-akka.actor.default-dispatcher-34 
ocasional: null

2015-06-05 23:23:15,621 - [INFO] - from application in play-akka.actor.default-dispatcher-34 
tipo: Tocar em banda

2015-06-05 23:23:15,621 - [INFO] - from application in play-akka.actor.default-dispatcher-34 
lista criada: 1

2015-06-05 23:23:17,734 - [INFO] - from application in play-akka.actor.default-dispatcher-58 
key: 

2015-06-05 23:23:17,734 - [INFO] - from application in play-akka.actor.default-dispatcher-58 
banda: null

2015-06-05 23:23:17,734 - [INFO] - from application in play-akka.actor.default-dispatcher-58 
ocasional: Tocar ocasionalmente

2015-06-05 23:23:17,734 - [INFO] - from application in play-akka.actor.default-dispatcher-58 
lista criada: 0

2015-06-05 23:23:53,886 - [INFO] - from play in play-internal-execution-context-5 
datasource [jdbc:h2:mem:play] bound to JNDI as DefaultDS

2015-06-05 23:23:53,897 - [INFO] - from play in play-internal-execution-context-5 
database [default] connected at jdbc:h2:mem:play

2015-06-05 23:23:53,983 - [INFO] - from play in play-internal-execution-context-5 
Application started (Dev)

2015-06-05 23:24:49,597 - [INFO] - from play in play-internal-execution-context-5 
datasource [jdbc:h2:mem:play] bound to JNDI as DefaultDS

2015-06-05 23:24:49,600 - [INFO] - from play in play-internal-execution-context-5 
database [default] connected at jdbc:h2:mem:play

2015-06-05 23:24:49,671 - [INFO] - from play in play-internal-execution-context-5 
Application started (Dev)

2015-06-05 23:25:08,114 - [INFO] - from play in play-internal-execution-context-5 
datasource [jdbc:h2:mem:play] bound to JNDI as DefaultDS

2015-06-05 23:25:08,117 - [INFO] - from play in play-internal-execution-context-5 
database [default] connected at jdbc:h2:mem:play

2015-06-05 23:25:08,190 - [INFO] - from play in play-internal-execution-context-5 
Application started (Dev)

2015-06-05 23:25:08,211 - [INFO] - from application in play-akka.actor.default-dispatcher-56 
key: 

2015-06-05 23:25:08,212 - [INFO] - from application in play-akka.actor.default-dispatcher-56 
banda: null

2015-06-05 23:25:08,212 - [INFO] - from application in play-akka.actor.default-dispatcher-56 
ocasional: null

2015-06-05 23:25:08,212 - [INFO] - from application in play-akka.actor.default-dispatcher-56 
lista criada: 0

2015-06-05 23:25:10,365 - [INFO] - from application in play-akka.actor.default-dispatcher-72 
key: 

2015-06-05 23:25:10,366 - [INFO] - from application in play-akka.actor.default-dispatcher-72 
banda: Tocar em banda

2015-06-05 23:25:10,366 - [INFO] - from application in play-akka.actor.default-dispatcher-72 
ocasional: null

2015-06-05 23:25:10,366 - [INFO] - from application in play-akka.actor.default-dispatcher-72 
tipo: Tocar em banda

2015-06-05 23:25:10,368 - [INFO] - from application in play-akka.actor.default-dispatcher-72 
lista criada: 1

2015-06-05 23:25:18,468 - [INFO] - from play in play-internal-execution-context-5 
datasource [jdbc:h2:mem:play] bound to JNDI as DefaultDS

2015-06-05 23:25:18,471 - [INFO] - from play in play-internal-execution-context-5 
database [default] connected at jdbc:h2:mem:play

2015-06-05 23:25:18,557 - [INFO] - from play in play-internal-execution-context-5 
Application started (Dev)

2015-06-05 23:26:04,223 - [INFO] - from play in play-internal-execution-context-5 
datasource [jdbc:h2:mem:play] bound to JNDI as DefaultDS

2015-06-05 23:26:04,231 - [INFO] - from play in play-internal-execution-context-5 
database [default] connected at jdbc:h2:mem:play

2015-06-05 23:26:04,311 - [INFO] - from play in play-internal-execution-context-5 
Application started (Dev)

2015-06-05 23:26:14,511 - [INFO] - from application in play-akka.actor.default-dispatcher-75 
key: 

2015-06-05 23:26:14,513 - [INFO] - from application in play-akka.actor.default-dispatcher-75 
banda: Tocar em banda

2015-06-05 23:26:14,513 - [INFO] - from application in play-akka.actor.default-dispatcher-75 
ocasional: Tocar ocasionalmente

2015-06-05 23:26:14,514 - [INFO] - from application in play-akka.actor.default-dispatcher-75 
tipo: Tocar em banda

2015-06-05 23:26:14,514 - [INFO] - from application in play-akka.actor.default-dispatcher-75 
lista criada: 0

2015-06-05 23:26:16,959 - [INFO] - from application in play-akka.actor.default-dispatcher-75 
key: 

2015-06-05 23:26:16,960 - [INFO] - from application in play-akka.actor.default-dispatcher-75 
banda: Tocar em banda

2015-06-05 23:26:16,960 - [INFO] - from application in play-akka.actor.default-dispatcher-75 
ocasional: null

2015-06-05 23:26:16,960 - [INFO] - from application in play-akka.actor.default-dispatcher-75 
tipo: Tocar em banda

2015-06-05 23:26:16,960 - [INFO] - from application in play-akka.actor.default-dispatcher-75 
lista criada: 1

2015-06-05 23:26:22,751 - [INFO] - from application in play-akka.actor.default-dispatcher-77 
lista criada: 0

2015-06-05 23:26:27,907 - [INFO] - from application in play-akka.actor.default-dispatcher-77 
lista criada: 0

2015-06-05 23:28:32,936 - [INFO] - from application in play-akka.actor.default-dispatcher-79 
lista criada: 0

2015-06-05 23:30:07,757 - [INFO] - from play in play-internal-execution-context-5 
datasource [jdbc:h2:mem:play] bound to JNDI as DefaultDS

2015-06-05 23:30:07,760 - [INFO] - from play in play-internal-execution-context-5 
database [default] connected at jdbc:h2:mem:play

2015-06-05 23:30:07,823 - [INFO] - from play in play-internal-execution-context-5 
Application started (Dev)

2015-06-05 23:30:07,837 - [INFO] - from application in play-akka.actor.default-dispatcher-81 
keys: 1

2015-06-05 23:30:07,846 - [INFO] - from application in play-akka.actor.default-dispatcher-81 
lista criada: 0

2015-06-05 23:30:15,764 - [INFO] - from application in play-akka.actor.default-dispatcher-84 
keys: 1

2015-06-05 23:30:15,768 - [INFO] - from application in play-akka.actor.default-dispatcher-84 
lista criada: 0

2015-06-05 23:30:32,799 - [INFO] - from application in play-akka.actor.default-dispatcher-81 
keys: 1

2015-06-05 23:30:32,801 - [INFO] - from application in play-akka.actor.default-dispatcher-81 
lista criada: 0

2015-06-05 23:31:10,240 - [INFO] - from application in play-akka.actor.default-dispatcher-84 
keys: 1

2015-06-05 23:31:10,250 - [INFO] - from application in play-akka.actor.default-dispatcher-84 
lista criada: 0

2015-06-05 23:31:38,241 - [INFO] - from play in play-internal-execution-context-5 
datasource [jdbc:h2:mem:play] bound to JNDI as DefaultDS

2015-06-05 23:31:38,243 - [INFO] - from play in play-internal-execution-context-5 
database [default] connected at jdbc:h2:mem:play

2015-06-05 23:31:38,319 - [INFO] - from play in play-internal-execution-context-5 
Application started (Dev)

2015-06-05 23:31:38,330 - [INFO] - from application in play-akka.actor.default-dispatcher-88 
keys: violao

2015-06-05 23:31:38,339 - [INFO] - from application in play-akka.actor.default-dispatcher-88 
lista criada: 0

2015-06-05 23:32:11,661 - [INFO] - from play in play-internal-execution-context-5 
datasource [jdbc:h2:mem:play] bound to JNDI as DefaultDS

2015-06-05 23:32:11,664 - [INFO] - from play in play-internal-execution-context-5 
database [default] connected at jdbc:h2:mem:play

2015-06-05 23:32:11,720 - [INFO] - from play in play-internal-execution-context-5 
Application started (Dev)

2015-06-05 23:32:11,735 - [INFO] - from application in play-akka.actor.default-dispatcher-89 
key: violao

2015-06-05 23:32:11,736 - [INFO] - from application in play-akka.actor.default-dispatcher-89 
lista criada: 0

2015-06-05 23:33:20,935 - [INFO] - from play in play-internal-execution-context-5 
datasource [jdbc:h2:mem:play] bound to JNDI as DefaultDS

2015-06-05 23:33:20,937 - [INFO] - from play in play-internal-execution-context-5 
database [default] connected at jdbc:h2:mem:play

2015-06-05 23:33:20,997 - [INFO] - from play in play-internal-execution-context-5 
Application started (Dev)

2015-06-05 23:33:21,022 - [INFO] - from application in play-akka.actor.default-dispatcher-93 
key: violao

2015-06-05 23:33:21,023 - [INFO] - from application in play-akka.actor.default-dispatcher-93 
lista criada: 1

2015-06-05 23:36:03,163 - [INFO] - from play in play-internal-execution-context-5 
datasource [jdbc:h2:mem:play] bound to JNDI as DefaultDS

2015-06-05 23:36:03,166 - [INFO] - from play in play-internal-execution-context-5 
database [default] connected at jdbc:h2:mem:play

2015-06-05 23:36:03,233 - [INFO] - from play in play-internal-execution-context-5 
Application started (Dev)

2015-06-05 23:36:27,765 - [INFO] - from play in play-internal-execution-context-5 
datasource [jdbc:h2:mem:play] bound to JNDI as DefaultDS

2015-06-05 23:36:27,770 - [INFO] - from play in play-internal-execution-context-5 
database [default] connected at jdbc:h2:mem:play

2015-06-05 23:36:27,836 - [INFO] - from play in play-internal-execution-context-5 
Application started (Dev)

2015-06-05 23:37:27,008 - [INFO] - from play in play-internal-execution-context-5 
datasource [jdbc:h2:mem:play] bound to JNDI as DefaultDS

2015-06-05 23:37:27,017 - [INFO] - from play in play-internal-execution-context-5 
database [default] connected at jdbc:h2:mem:play

2015-06-05 23:37:27,081 - [INFO] - from play in play-internal-execution-context-5 
Application started (Dev)

2015-06-05 23:44:53,253 - [INFO] - from play in play-internal-execution-context-5 
datasource [jdbc:h2:mem:play] bound to JNDI as DefaultDS

2015-06-05 23:44:53,256 - [INFO] - from play in play-internal-execution-context-5 
database [default] connected at jdbc:h2:mem:play

2015-06-05 23:44:53,314 - [INFO] - from play in play-internal-execution-context-5 
Application started (Dev)

2015-06-05 23:45:28,212 - [INFO] - from play in play-internal-execution-context-5 
datasource [jdbc:h2:mem:play] bound to JNDI as DefaultDS

2015-06-05 23:45:28,215 - [INFO] - from play in play-internal-execution-context-5 
database [default] connected at jdbc:h2:mem:play

2015-06-05 23:45:28,269 - [INFO] - from play in play-internal-execution-context-5 
Application started (Dev)

